{"C:\\Users\\KIIT\\Desktop\\Work\\book-api\\index.js": {"path":"C:\\Users\\KIIT\\Desktop\\Work\\book-api\\index.js","statementMap":{"0":{"start":{"line":1,"column":15},"end":{"line":1,"column":33}},"1":{"start":{"line":2,"column":13},"end":{"line":2,"column":28}},"2":{"start":{"line":3,"column":12},"end":{"line":3,"column":21}},"3":{"start":{"line":4,"column":13},"end":{"line":4,"column":17}},"4":{"start":{"line":5,"column":0},"end":{"line":5,"column":16}},"5":{"start":{"line":6,"column":0},"end":{"line":6,"column":24}},"6":{"start":{"line":7,"column":0},"end":{"line":7,"column":48}},"7":{"start":{"line":8,"column":0},"end":{"line":10,"column":3}},"8":{"start":{"line":9,"column":2},"end":{"line":9,"column":42}},"9":{"start":{"line":11,"column":0},"end":{"line":19,"column":1}},"10":{"start":{"line":12,"column":20},"end":{"line":12,"column":35}},"11":{"start":{"line":13,"column":2},"end":{"line":18,"column":7}},"12":{"start":{"line":15,"column":6},"end":{"line":17,"column":9}},"13":{"start":{"line":16,"column":8},"end":{"line":16,"column":69}},"14":{"start":{"line":20,"column":0},"end":{"line":20,"column":21}}},"fnMap":{"0":{"name":"(anonymous_0)","decl":{"start":{"line":8,"column":13},"end":{"line":8,"column":14}},"loc":{"start":{"line":8,"column":27},"end":{"line":10,"column":1}},"line":8},"1":{"name":"(anonymous_1)","decl":{"start":{"line":14,"column":10},"end":{"line":14,"column":11}},"loc":{"start":{"line":14,"column":16},"end":{"line":18,"column":5}},"line":14},"2":{"name":"(anonymous_2)","decl":{"start":{"line":15,"column":22},"end":{"line":15,"column":23}},"loc":{"start":{"line":15,"column":26},"end":{"line":17,"column":7}},"line":15}},"branchMap":{"0":{"loc":{"start":{"line":11,"column":0},"end":{"line":19,"column":1}},"type":"if","locations":[{"start":{"line":11,"column":0},"end":{"line":19,"column":1}},{"start":{},"end":{}}],"line":11}},"s":{"0":2,"1":2,"2":2,"3":2,"4":2,"5":2,"6":2,"7":2,"8":0,"9":2,"10":0,"11":0,"12":0,"13":0,"14":2},"f":{"0":0,"1":0,"2":0},"b":{"0":[0,2]},"_coverageSchema":"1a1c01bbd47fc00a2c39e90264f33305004495a9","hash":"642d410678a9570c94075950a231852fe4bf3590"}
,"C:\\Users\\KIIT\\Desktop\\Work\\book-api\\models\\Book.js": {"path":"C:\\Users\\KIIT\\Desktop\\Work\\book-api\\models\\Book.js","statementMap":{"0":{"start":{"line":1,"column":17},"end":{"line":1,"column":36}},"1":{"start":{"line":2,"column":19},"end":{"line":6,"column":2}},"2":{"start":{"line":7,"column":0},"end":{"line":7,"column":52}}},"fnMap":{},"branchMap":{},"s":{"0":3,"1":3,"2":3},"f":{},"b":{},"_coverageSchema":"1a1c01bbd47fc00a2c39e90264f33305004495a9","hash":"e20655397c41501f9161f9cfc46bb4fe925a0da7"}
,"C:\\Users\\KIIT\\Desktop\\Work\\book-api\\routes\\books.js": {"path":"C:\\Users\\KIIT\\Desktop\\Work\\book-api\\routes\\books.js","statementMap":{"0":{"start":{"line":1,"column":16},"end":{"line":1,"column":34}},"1":{"start":{"line":2,"column":15},"end":{"line":2,"column":31}},"2":{"start":{"line":3,"column":13},"end":{"line":3,"column":38}},"3":{"start":{"line":5,"column":0},"end":{"line":12,"column":3}},"4":{"start":{"line":6,"column":4},"end":{"line":11,"column":5}},"5":{"start":{"line":7,"column":22},"end":{"line":7,"column":39}},"6":{"start":{"line":8,"column":8},"end":{"line":8,"column":24}},"7":{"start":{"line":10,"column":8},"end":{"line":10,"column":55}},"8":{"start":{"line":14,"column":0},"end":{"line":22,"column":3}},"9":{"start":{"line":15,"column":17},"end":{"line":15,"column":35}},"10":{"start":{"line":16,"column":4},"end":{"line":21,"column":5}},"11":{"start":{"line":17,"column":24},"end":{"line":17,"column":41}},"12":{"start":{"line":18,"column":8},"end":{"line":18,"column":38}},"13":{"start":{"line":20,"column":8},"end":{"line":20,"column":55}},"14":{"start":{"line":23,"column":0},"end":{"line":30,"column":3}},"15":{"start":{"line":24,"column":4},"end":{"line":29,"column":5}},"16":{"start":{"line":25,"column":22},"end":{"line":25,"column":53}},"17":{"start":{"line":26,"column":8},"end":{"line":26,"column":36}},"18":{"start":{"line":28,"column":8},"end":{"line":28,"column":55}},"19":{"start":{"line":31,"column":0},"end":{"line":41,"column":3}},"20":{"start":{"line":32,"column":4},"end":{"line":40,"column":5}},"21":{"start":{"line":33,"column":21},"end":{"line":33,"column":89}},"22":{"start":{"line":34,"column":8},"end":{"line":36,"column":9}},"23":{"start":{"line":35,"column":12},"end":{"line":35,"column":71}},"24":{"start":{"line":37,"column":8},"end":{"line":37,"column":23}},"25":{"start":{"line":39,"column":8},"end":{"line":39,"column":55}},"26":{"start":{"line":43,"column":0},"end":{"line":53,"column":3}},"27":{"start":{"line":44,"column":4},"end":{"line":52,"column":5}},"28":{"start":{"line":45,"column":21},"end":{"line":45,"column":55}},"29":{"start":{"line":46,"column":8},"end":{"line":48,"column":9}},"30":{"start":{"line":47,"column":12},"end":{"line":47,"column":71}},"31":{"start":{"line":49,"column":8},"end":{"line":49,"column":23}},"32":{"start":{"line":51,"column":8},"end":{"line":51,"column":55}},"33":{"start":{"line":55,"column":0},"end":{"line":65,"column":3}},"34":{"start":{"line":56,"column":4},"end":{"line":64,"column":5}},"35":{"start":{"line":57,"column":21},"end":{"line":57,"column":64}},"36":{"start":{"line":58,"column":8},"end":{"line":60,"column":9}},"37":{"start":{"line":59,"column":12},"end":{"line":59,"column":71}},"38":{"start":{"line":61,"column":8},"end":{"line":61,"column":31}},"39":{"start":{"line":63,"column":8},"end":{"line":63,"column":55}},"40":{"start":{"line":67,"column":0},"end":{"line":67,"column":24}}},"fnMap":{"0":{"name":"(anonymous_0)","decl":{"start":{"line":5,"column":15},"end":{"line":5,"column":16}},"loc":{"start":{"line":5,"column":31},"end":{"line":12,"column":1}},"line":5},"1":{"name":"(anonymous_1)","decl":{"start":{"line":14,"column":16},"end":{"line":14,"column":17}},"loc":{"start":{"line":14,"column":32},"end":{"line":22,"column":1}},"line":14},"2":{"name":"(anonymous_2)","decl":{"start":{"line":23,"column":21},"end":{"line":23,"column":22}},"loc":{"start":{"line":23,"column":41},"end":{"line":30,"column":1}},"line":23},"3":{"name":"(anonymous_3)","decl":{"start":{"line":31,"column":18},"end":{"line":31,"column":19}},"loc":{"start":{"line":31,"column":34},"end":{"line":41,"column":1}},"line":31},"4":{"name":"(anonymous_4)","decl":{"start":{"line":43,"column":19},"end":{"line":43,"column":20}},"loc":{"start":{"line":43,"column":39},"end":{"line":53,"column":1}},"line":43},"5":{"name":"(anonymous_5)","decl":{"start":{"line":55,"column":21},"end":{"line":55,"column":22}},"loc":{"start":{"line":55,"column":37},"end":{"line":65,"column":1}},"line":55}},"branchMap":{"0":{"loc":{"start":{"line":34,"column":8},"end":{"line":36,"column":9}},"type":"if","locations":[{"start":{"line":34,"column":8},"end":{"line":36,"column":9}},{"start":{},"end":{}}],"line":34},"1":{"loc":{"start":{"line":46,"column":8},"end":{"line":48,"column":9}},"type":"if","locations":[{"start":{"line":46,"column":8},"end":{"line":48,"column":9}},{"start":{},"end":{}}],"line":46},"2":{"loc":{"start":{"line":58,"column":8},"end":{"line":60,"column":9}},"type":"if","locations":[{"start":{"line":58,"column":8},"end":{"line":60,"column":9}},{"start":{},"end":{}}],"line":58}},"s":{"0":2,"1":2,"2":2,"3":2,"4":2,"5":2,"6":2,"7":0,"8":2,"9":2,"10":2,"11":2,"12":2,"13":0,"14":2,"15":0,"16":0,"17":0,"18":0,"19":2,"20":2,"21":2,"22":2,"23":0,"24":2,"25":0,"26":2,"27":4,"28":4,"29":4,"30":2,"31":2,"32":0,"33":2,"34":2,"35":2,"36":2,"37":0,"38":2,"39":0,"40":2},"f":{"0":2,"1":2,"2":0,"3":2,"4":4,"5":2},"b":{"0":[0,2],"1":[2,2],"2":[0,2]},"_coverageSchema":"1a1c01bbd47fc00a2c39e90264f33305004495a9","hash":"f010a764b947f682141c9b6cb6b395e9dc8cd5d4"}
}
