TN:
SF:index.js
FN:8,(anonymous_0)
FN:14,(anonymous_1)
FN:15,(anonymous_2)
FNF:3
FNH:0
FNDA:0,(anonymous_0)
FNDA:0,(anonymous_1)
FNDA:0,(anonymous_2)
DA:1,2
DA:2,2
DA:3,2
DA:4,2
DA:5,2
DA:6,2
DA:7,2
DA:8,2
DA:9,0
DA:11,2
DA:12,0
DA:13,0
DA:15,0
DA:16,0
DA:20,2
LF:15
LH:10
BRDA:11,0,0,0
BRDA:11,0,1,2
BRF:2
BRH:1
end_of_record
TN:
SF:models\Book.js
FNF:0
FNH:0
DA:1,3
DA:2,3
DA:7,3
LF:3
LH:3
BRF:0
BRH:0
end_of_record
TN:
SF:routes\books.js
FN:5,(anonymous_0)
FN:14,(anonymous_1)
FN:23,(anonymous_2)
FN:31,(anonymous_3)
FN:43,(anonymous_4)
FN:55,(anonymous_5)
FNF:6
FNH:5
FNDA:2,(anonymous_0)
FNDA:2,(anonymous_1)
FNDA:0,(anonymous_2)
FNDA:2,(anonymous_3)
FNDA:4,(anonymous_4)
FNDA:2,(anonymous_5)
DA:1,2
DA:2,2
DA:3,2
DA:5,2
DA:6,2
DA:7,2
DA:8,2
DA:10,0
DA:14,2
DA:15,2
DA:16,2
DA:17,2
DA:18,2
DA:20,0
DA:23,2
DA:24,0
DA:25,0
DA:26,0
DA:28,0
DA:31,2
DA:32,2
DA:33,2
DA:34,2
DA:35,0
DA:37,2
DA:39,0
DA:43,2
DA:44,4
DA:45,4
DA:46,4
DA:47,2
DA:49,2
DA:51,0
DA:55,2
DA:56,2
DA:57,2
DA:58,2
DA:59,0
DA:61,2
DA:63,0
DA:67,2
LF:41
LH:30
BRDA:34,0,0,0
BRDA:34,0,1,2
BRDA:46,1,0,2
BRDA:46,1,1,2
BRDA:58,2,0,0
BRDA:58,2,1,2
BRF:6
BRH:4
end_of_record
